<?xml version="1.0" encoding="UTF-8"?>
<testsuite xmlns:xsi="http://www.w3.org/2001/XMLSchema-instance" xsi:noNamespaceSchemaLocation="https://maven.apache.org/surefire/maven-surefire-plugin/xsd/surefire-test-report.xsd" name="com.ricardo.models.CocheTest" time="0.221" tests="3" errors="0" skipped="0" failures="0">
  <properties>
[...]
</properties>
  <testcase name="arrancar" classname="com.ricardo.models.CocheTest" time="0.004"/>
  <testcase name="avanzar" classname="com.ricardo.models.CocheTest" time="0.001"/>
  <testcase name="parar" classname="com.ricardo.models.CocheTest" time="0.001"/>
</testsuite>